<?xml version="1.0" encoding="UTF-8"?>
<!-- Generated by org.testng.reporters.JUnitXMLReporter -->
<testsuite ignored="0" hostname="masud" failures="0" tests="3" name="Default test" time="0.779" errors="0" timestamp="2024-01-04T17:01:34 EST">
  <testcase classname="com.smart.dataprovider.LoginTest2" name="testLogin" time="0.009"/>
  <testcase classname="com.smart.dataprovider.LoginTest2" name="testLogin" time="0.002"/>
  <testcase classname="com.smart.dataprovider.LoginTest2" name="testLogin" time="0.001"/>
</testsuite> <!-- Default test -->
