<?xml version="1.0" encoding="UTF-8"?>
<!-- Generated by org.testng.reporters.JUnitXMLReporter -->
<testsuite ignored="2" hostname="masud" failures="1" tests="1" name="Smoke Test" time="1.955" errors="0" timestamp="2023-12-30T11:06:27 EST">
  <testcase classname="com.smart.group2.TestClass" name="testGoogle" time="0.007">
    <failure type="java.lang.NullPointerException" message="Cannot invoke &amp;quot;org.openqa.selenium.WebDriver.get(String)&amp;quot; because &amp;quot;this.driver&amp;quot; is null">
      <![CDATA[java.lang.NullPointerException: Cannot invoke "org.openqa.selenium.WebDriver.get(String)" because "this.driver" is null
at com.smart.group2.TestClass.testGoogle(TestClass.java:20)
at java.base/java.util.ArrayList.forEach(ArrayList.java:1596)
... Removed 25 stack frames]]>
    </failure>
  </testcase> <!-- testGoogle -->
  <testcase classname="com.smart.group2.TestClass" name="testoranghrm" time="0.0">
    <ignored/>
  </testcase> <!-- testoranghrm -->
  <testcase classname="com.smart.group2.TestClass" name="testfacebook" time="0.0">
    <ignored/>
  </testcase> <!-- testfacebook -->
</testsuite> <!-- Smoke Test -->
