<?xml version="1.0" encoding="UTF-8"?>
<!-- Generated by org.testng.reporters.JUnitXMLReporter -->
<testsuite ignored="0" hostname="masud" failures="0" tests="4" name="Test3" time="0.065" errors="0" timestamp="2023-12-30T15:20:00 EST">
  <testcase classname="com.smart.parallel.TestClass1" name="testmethod1" time="0.016"/>
  <testcase classname="com.smart.parallel.TestClass1" name="testmethod2" time="0.003"/>
  <testcase classname="com.smart.parallel.TestClass1" name="testmethod3" time="0.003"/>
  <testcase classname="com.smart.parallel.TestClass1" name="testmethod4" time="0.001"/>
</testsuite> <!-- Test3 -->
