<?xml version="1.0" encoding="UTF-8"?>
<!-- Generated by org.testng.reporters.JUnitXMLReporter -->
<testsuite ignored="0" hostname="masud" failures="0" tests="3" name="Test2" time="0.065" errors="0" timestamp="2023-12-30T15:20:00 EST">
  <testcase classname="com.smart.parallel.TestClass2" name="testmethod5" time="0.015"/>
  <testcase classname="com.smart.parallel.TestClass2" name="testmethod6" time="0.005"/>
  <testcase classname="com.smart.parallel.TestClass2" name="testmethod7" time="0.004"/>
</testsuite> <!-- Test2 -->
