<?xml version="1.0" encoding="UTF-8"?>
<!-- Generated by org.testng.reporters.JUnitXMLReporter -->
<testsuite ignored="0" hostname="masud" failures="0" tests="11" name="Test1" time="0.09" errors="0" timestamp="2023-12-30T15:20:00 EST">
  <testcase classname="com.smart.parallel.TestClass3" name="testmethod10" time="0.014"/>
  <testcase classname="com.smart.parallel.TestClass3" name="testmethod11" time="0.003"/>
  <testcase classname="com.smart.parallel.TestClass3" name="testmethod8" time="0.005"/>
  <testcase classname="com.smart.parallel.TestClass3" name="testmethod9" time="0.002"/>
  <testcase classname="com.smart.parallel.TestClass2" name="testmethod5" time="0.001"/>
  <testcase classname="com.smart.parallel.TestClass2" name="testmethod6" time="0.001"/>
  <testcase classname="com.smart.parallel.TestClass2" name="testmethod7" time="0.001"/>
  <testcase classname="com.smart.parallel.TestClass1" name="testmethod1" time="0.001"/>
  <testcase classname="com.smart.parallel.TestClass1" name="testmethod2" time="0.002"/>
  <testcase classname="com.smart.parallel.TestClass1" name="testmethod3" time="0.001"/>
  <testcase classname="com.smart.parallel.TestClass1" name="testmethod4" time="0.001"/>
</testsuite> <!-- Test1 -->
