<?xml version="1.0" encoding="UTF-8"?>
<!-- Generated by org.testng.reporters.JUnitXMLReporter -->
<testsuite ignored="0" hostname="masud" failures="0" tests="4" name="Test" time="4.961" errors="0" timestamp="2023-12-30T14:56:52 EST">
  <testcase classname="com.smart.dataprovider.TestClass" name="testGoogle" time="2.978"/>
  <testcase classname="com.smart.dataprovider.TestClass" name="testGoogle" time="3.008"/>
  <testcase classname="com.smart.dataprovider.TestClass" name="testGoogle" time="1.899"/>
  <testcase classname="com.smart.dataprovider.TestClass" name="testGoogle" time="1.914"/>
</testsuite> <!-- Test -->
