<?xml version="1.0" encoding="UTF-8"?>
<!-- Generated by org.testng.reporters.JUnitXMLReporter -->
<testsuite ignored="4" hostname="masud" failures="0" tests="3" name="Test1" time="0.057" errors="0" timestamp="2023-12-30T16:28:55 EST">
  <testcase classname="com.smart.listener.Testclass1" name="testmethod1" time="0.014"/>
  <testcase classname="com.smart.listener.Testclass1" name="testmethod2" time="0.003"/>
  <testcase classname="com.smart.listener.Testclass1" name="testmethod6" time="0.001"/>
  <testcase classname="com.smart.listener.Testclass1" name="testmethod5" time="0.0">
    <ignored/>
  </testcase> <!-- testmethod5 -->
  <testcase classname="com.smart.listener.Testclass1" name="testmethod3" time="0.0">
    <ignored/>
  </testcase> <!-- testmethod3 -->
  <testcase classname="com.smart.listener.Testclass1" name="testmethod4" time="0.0">
    <ignored/>
  </testcase> <!-- testmethod4 -->
  <testcase classname="com.smart.listener.Testclass1" name="testmethod7" time="0.0">
    <ignored/>
  </testcase> <!-- testmethod7 -->
</testsuite> <!-- Test1 -->
