<?xml version="1.0" encoding="UTF-8"?>
<!-- Generated by org.testng.reporters.JUnitXMLReporter -->
<testsuite ignored="4" hostname="masud" failures="1" tests="3" name="Test2" time="1.047" errors="0" timestamp="2023-12-30T16:28:56 EST">
  <testcase classname="com.smart.listener.Testclass1" name="testmethod3" time="1.019">
    <failure type="org.testng.internal.thread.ThreadTimeoutException" message="Method com.smart.listener.Testclass1.testmethod3() didn&amp;apos;t finish within the time-out 1000">
      <![CDATA[org.testng.internal.thread.ThreadTimeoutException: Method com.smart.listener.Testclass1.testmethod3() didn't finish within the time-out 1000
at java.base/java.lang.Thread.sleep0(Native Method)
at java.base/java.lang.Thread.sleep(Thread.java:509)
at com.smart.listener.Testclass1.testmethod3(Testclass1.java:22)
at java.base/java.util.concurrent.FutureTask.run(FutureTask.java:317)
at java.base/java.util.concurrent.ThreadPoolExecutor.runWorker(ThreadPoolExecutor.java:1144)
at java.base/java.util.concurrent.ThreadPoolExecutor$Worker.run(ThreadPoolExecutor.java:642)
at java.base/java.lang.Thread.run(Thread.java:1583)
... Removed 6 stack frames]]>
    </failure>
  </testcase> <!-- testmethod3 -->
  <testcase classname="com.smart.listener.Testclass1" name="testmethod4" time="0.0">
    <skipped/>
  </testcase> <!-- testmethod4 -->
  <testcase classname="com.smart.listener.Testclass1" name="testmethod7" time="0.002"/>
  <testcase classname="com.smart.listener.Testclass1" name="testmethod1" time="0.0">
    <ignored/>
  </testcase> <!-- testmethod1 -->
  <testcase classname="com.smart.listener.Testclass1" name="testmethod2" time="0.0">
    <ignored/>
  </testcase> <!-- testmethod2 -->
  <testcase classname="com.smart.listener.Testclass1" name="testmethod5" time="0.0">
    <ignored/>
  </testcase> <!-- testmethod5 -->
  <testcase classname="com.smart.listener.Testclass1" name="testmethod6" time="0.0">
    <ignored/>
  </testcase> <!-- testmethod6 -->
</testsuite> <!-- Test2 -->
