<?xml version="1.0" encoding="UTF-8"?>
<testng-results ignored="0" total="3" passed="3" failed="0" skipped="0">
  <reporter-output>
  </reporter-output>
  <suite started-at="2024-01-04T17:01:33 EST" name="Default suite" finished-at="2024-01-04T17:01:34 EST" duration-ms="779">
    <groups>
    </groups>
    <test started-at="2024-01-04T17:01:33 EST" name="Default test" finished-at="2024-01-04T17:01:34 EST" duration-ms="779">
      <class name="com.smart.dataprovider.LoginTest2">
        <test-method signature="testLogin(java.lang.String,java.lang.String)[pri:0, instance:com.smart.dataprovider.LoginTest2@55183b20]" started-at="2024-01-04T17:01:34 EST" name="testLogin" data-provider="logindata" finished-at="2024-01-04T17:01:34 EST" duration-ms="9" status="PASS">
          <params>
            <param index="0">
              <value>
                <![CDATA[username1]]>
              </value>
            </param>
            <param index="1">
              <value>
                <![CDATA[password1]]>
              </value>
            </param>
          </params>
          <reporter-output>
          </reporter-output>
        </test-method> <!-- testLogin -->
        <test-method signature="testLogin(java.lang.String,java.lang.String)[pri:0, instance:com.smart.dataprovider.LoginTest2@55183b20]" started-at="2024-01-04T17:01:34 EST" name="testLogin" data-provider="logindata" finished-at="2024-01-04T17:01:34 EST" duration-ms="2" status="PASS">
          <params>
            <param index="0">
              <value>
                <![CDATA[username2]]>
              </value>
            </param>
            <param index="1">
              <value>
                <![CDATA[password2]]>
              </value>
            </param>
          </params>
          <reporter-output>
          </reporter-output>
        </test-method> <!-- testLogin -->
        <test-method signature="testLogin(java.lang.String,java.lang.String)[pri:0, instance:com.smart.dataprovider.LoginTest2@55183b20]" started-at="2024-01-04T17:01:34 EST" name="testLogin" data-provider="logindata" finished-at="2024-01-04T17:01:34 EST" duration-ms="1" status="PASS">
          <params>
            <param index="0">
              <value>
                <![CDATA[username3]]>
              </value>
            </param>
            <param index="1">
              <value>
                <![CDATA[password3]]>
              </value>
            </param>
          </params>
          <reporter-output>
          </reporter-output>
        </test-method> <!-- testLogin -->
      </class> <!-- com.smart.dataprovider.LoginTest2 -->
    </test> <!-- Default test -->
  </suite> <!-- Default suite -->
</testng-results>
