<?xml version="1.0" encoding="UTF-8"?>
<!-- Generated by org.testng.reporters.JUnitReportReporter -->
<testsuite hostname="masud" failures="0" tests="6" name="com.smart.listener.Testclass1" time="1.039" errors="1" timestamp="2023-12-30T16:28:56 EST" skipped="1">
  <testcase classname="com.smart.listener.Testclass1" name="testmethod1" time="0.014"/>
  <testcase classname="com.smart.listener.Testclass1" name="testmethod2" time="0.003"/>
  <testcase classname="com.smart.listener.Testclass1" name="testmethod3" time="1.019">
    <error message="Method com.smart.listener.Testclass1.testmethod3() didn&#039;t finish within the time-out 1000" type="org.testng.internal.thread.ThreadTimeoutException">
      <![CDATA[org.testng.internal.thread.ThreadTimeoutException: Method com.smart.listener.Testclass1.testmethod3() didn't finish within the time-out 1000
at java.base/java.lang.Thread.sleep0(Native Method)
at java.base/java.lang.Thread.sleep(Thread.java:509)
at com.smart.listener.Testclass1.testmethod3(Testclass1.java:22)
at java.base/jdk.internal.reflect.DirectMethodHandleAccessor.invoke(DirectMethodHandleAccessor.java:103)
at java.base/java.lang.reflect.Method.invoke(Method.java:580)
at org.testng.internal.invokers.MethodInvocationHelper.invokeMethod(MethodInvocationHelper.java:139)
at org.testng.internal.invokers.InvokeMethodRunnable.runOne(InvokeMethodRunnable.java:47)
at org.testng.internal.invokers.InvokeMethodRunnable.call(InvokeMethodRunnable.java:76)
at org.testng.internal.invokers.InvokeMethodRunnable.call(InvokeMethodRunnable.java:11)
at java.base/java.util.concurrent.FutureTask.run(FutureTask.java:317)
at java.base/java.util.concurrent.ThreadPoolExecutor.runWorker(ThreadPoolExecutor.java:1144)
at java.base/java.util.concurrent.ThreadPoolExecutor$Worker.run(ThreadPoolExecutor.java:642)
at java.base/java.lang.Thread.run(Thread.java:1583)
]]>
    </error>
  </testcase> <!-- testmethod3 -->
  <testcase classname="com.smart.listener.Testclass1" name="testmethod4" time="0.000">
    <skipped/>
  </testcase> <!-- testmethod4 -->
  <testcase classname="com.smart.listener.Testclass1" name="testmethod6" time="0.001"/>
  <testcase classname="com.smart.listener.Testclass1" name="testmethod7" time="0.002"/>
</testsuite> <!-- com.smart.listener.Testclass1 -->
