<?xml version="1.0" encoding="UTF-8"?>
<!-- Generated by org.testng.reporters.JUnitReportReporter -->
<testsuite hostname="masud" failures="0" tests="6" name="com.smart.InvoCationCount.TestInvocaton" time="22.776" errors="0" timestamp="2023-12-30T15:36:25 EST" skipped="0">
  <testcase classname="com.smart.InvoCationCount.TestInvocaton" name="testmethod1" time="3.415"/>
  <system-out/>
  <testcase classname="com.smart.InvoCationCount.TestInvocaton" name="testmethod1" time="4.594"/>
  <system-out/>
  <testcase classname="com.smart.InvoCationCount.TestInvocaton" name="testmethod1" time="3.379"/>
  <system-out/>
  <testcase classname="com.smart.InvoCationCount.TestInvocaton" name="testmethod1" time="3.432"/>
  <system-out/>
  <testcase classname="com.smart.InvoCationCount.TestInvocaton" name="testmethod1" time="4.578"/>
  <system-out/>
  <testcase classname="com.smart.InvoCationCount.TestInvocaton" name="testmethod1" time="3.378"/>
  <system-out/>
</testsuite> <!-- com.smart.InvoCationCount.TestInvocaton -->
