<?xml version="1.0" encoding="UTF-8"?>
<!-- Generated by org.testng.reporters.JUnitReportReporter -->
<testsuite hostname="masud" failures="0" tests="4" name="com.smart.group.PriceLineTest" time="0.007" errors="0" timestamp="2023-12-23T15:18:12 EST" skipped="0">
  <testcase classname="com.smart.group.PriceLineTest" name="logout" time="0.001"/>
  <testcase classname="com.smart.group.PriceLineTest" name="searchfilgit" time="0.001"/>
  <testcase classname="com.smart.group.PriceLineTest" name="login" time="0.000"/>
  <testcase classname="com.smart.group.PriceLineTest" name="createAccount" time="0.005"/>
</testsuite> <!-- com.smart.group.PriceLineTest -->
