<?xml version="1.0" encoding="UTF-8"?>
<!-- Generated by org.testng.reporters.JUnitReportReporter -->
<testsuite hostname="masud" failures="0" tests="4" name="com.smart.dataprovider.TestClass" time="9.799" errors="0" timestamp="2023-12-30T14:56:52 EST" skipped="0">
  <testcase classname="com.smart.dataprovider.TestClass" name="testGoogle" time="2.978"/>
  <testcase classname="com.smart.dataprovider.TestClass" name="testGoogle" time="1.914"/>
  <testcase classname="com.smart.dataprovider.TestClass" name="testGoogle" time="1.899"/>
  <testcase classname="com.smart.dataprovider.TestClass" name="testGoogle" time="3.008"/>
</testsuite> <!-- com.smart.dataprovider.TestClass -->
