<?xml version="1.0" encoding="UTF-8"?>
<!-- Generated by org.testng.reporters.JUnitReportReporter -->
<testsuite hostname="masud" failures="0" tests="3" name="com.smart.dataprovider.TestDataprovider2" time="0.018" errors="0" timestamp="2023-12-30T13:45:39 EST" skipped="0">
  <testcase classname="com.smart.dataprovider.TestDataprovider2" name="loninTest" time="0.010"/>
  <testcase classname="com.smart.dataprovider.TestDataprovider2" name="loninTest" time="0.007"/>
  <testcase classname="com.smart.dataprovider.TestDataprovider2" name="loninTest" time="0.001"/>
</testsuite> <!-- com.smart.dataprovider.TestDataprovider2 -->
