<?xml version="1.0" encoding="UTF-8"?>
<!-- Generated by org.testng.reporters.JUnitReportReporter -->
<testsuite hostname="masud" failures="0" tests="5" name="com.smart.priority.PriceLineTest" time="0.015" errors="0" timestamp="2023-12-23T14:26:39 EST" skipped="1">
  <testcase classname="com.smart.priority.PriceLineTest" name="logout" time="0.001"/>
  <testcase classname="com.smart.priority.PriceLineTest" name="login" time="0.011"/>
  <testcase classname="com.smart.priority.PriceLineTest" name="searchfilgit" time="0.001"/>
  <testcase classname="com.smart.priority.PriceLineTest" name="checkout" time="0.002"/>
  <testcase classname="com.smart.priority.PriceLineTest" name="createAccount">
    <skipped/>
  </testcase> <!-- createAccount -->
</testsuite> <!-- com.smart.priority.PriceLineTest -->
