<?xml version="1.0" encoding="UTF-8"?>
<!-- Generated by org.testng.reporters.JUnitReportReporter -->
<testsuite hostname="masud" failures="0" tests="6" name="com.smart.parallel.TestClass2" time="0.027" errors="0" timestamp="2023-12-30T15:20:00 EST" skipped="0">
  <testcase classname="com.smart.parallel.TestClass2" name="testmethod6" time="0.001"/>
  <system-out/>
  <testcase classname="com.smart.parallel.TestClass2" name="testmethod5" time="0.001"/>
  <system-out/>
  <testcase classname="com.smart.parallel.TestClass2" name="testmethod7" time="0.004"/>
  <system-out/>
  <testcase classname="com.smart.parallel.TestClass2" name="testmethod5" time="0.015"/>
  <system-out/>
  <testcase classname="com.smart.parallel.TestClass2" name="testmethod7" time="0.001"/>
  <system-out/>
  <testcase classname="com.smart.parallel.TestClass2" name="testmethod6" time="0.005"/>
  <system-out/>
</testsuite> <!-- com.smart.parallel.TestClass2 -->
