<?xml version="1.0" encoding="UTF-8"?>
<!-- Generated by org.testng.reporters.JUnitReportReporter -->
<testsuite hostname="masud" failures="0" tests="8" name="com.smart.parallel.TestClass1" time="0.028" errors="0" timestamp="2023-12-30T15:20:00 EST" skipped="0">
  <testcase classname="com.smart.parallel.TestClass1" name="testmethod3" time="0.001"/>
  <system-out/>
  <testcase classname="com.smart.parallel.TestClass1" name="testmethod1" time="0.001"/>
  <system-out/>
  <testcase classname="com.smart.parallel.TestClass1" name="testmethod4" time="0.001"/>
  <system-out/>
  <testcase classname="com.smart.parallel.TestClass1" name="testmethod2" time="0.002"/>
  <system-out/>
  <testcase classname="com.smart.parallel.TestClass1" name="testmethod2" time="0.003"/>
  <system-out/>
  <testcase classname="com.smart.parallel.TestClass1" name="testmethod1" time="0.016"/>
  <system-out/>
  <testcase classname="com.smart.parallel.TestClass1" name="testmethod4" time="0.001"/>
  <system-out/>
  <testcase classname="com.smart.parallel.TestClass1" name="testmethod3" time="0.003"/>
  <system-out/>
</testsuite> <!-- com.smart.parallel.TestClass1 -->
