<?xml version="1.0" encoding="UTF-8"?>
<!-- Generated by org.testng.reporters.JUnitReportReporter -->
<testsuite hostname="masud" failures="0" tests="3" name="com.smart.dataprovider.TestDataprovider3" time="0.012" errors="0" timestamp="2023-12-30T11:46:00 EST" skipped="0">
  <testcase classname="com.smart.dataprovider.TestDataprovider3" name="loninTest" time="0.001"/>
  <testcase classname="com.smart.dataprovider.TestDataprovider3" name="loninTest" time="0.008"/>
  <testcase classname="com.smart.dataprovider.TestDataprovider3" name="loninTest" time="0.003"/>
</testsuite> <!-- com.smart.dataprovider.TestDataprovider3 -->
