<?xml version="1.0" encoding="UTF-8"?>
<!-- Generated by org.testng.reporters.JUnitReportReporter -->
<testsuite hostname="masud" failures="0" tests="3" name="com.smart.dataprovider.LoginTest2" time="0.012" errors="0" timestamp="2024-01-04T17:01:34 EST" skipped="0">
  <testcase classname="com.smart.dataprovider.LoginTest2" name="testLogin" time="0.002"/>
  <testcase classname="com.smart.dataprovider.LoginTest2" name="testLogin" time="0.001"/>
  <testcase classname="com.smart.dataprovider.LoginTest2" name="testLogin" time="0.009"/>
</testsuite> <!-- com.smart.dataprovider.LoginTest2 -->
