<?xml version="1.0" encoding="UTF-8"?>
<!-- Generated by org.testng.reporters.JUnitReportReporter -->
<testsuite hostname="masud" failures="0" tests="4" name="com.smart.parallel.TestClass3" time="0.024" errors="0" timestamp="2023-12-30T15:20:00 EST" skipped="0">
  <testcase classname="com.smart.parallel.TestClass3" name="testmethod10" time="0.014"/>
  <system-out/>
  <testcase classname="com.smart.parallel.TestClass3" name="testmethod8" time="0.005"/>
  <system-out/>
  <testcase classname="com.smart.parallel.TestClass3" name="testmethod11" time="0.003"/>
  <system-out/>
  <testcase classname="com.smart.parallel.TestClass3" name="testmethod9" time="0.002"/>
  <system-out/>
</testsuite> <!-- com.smart.parallel.TestClass3 -->
