<?xml version="1.0" encoding="UTF-8"?>
<!-- Generated by org.testng.reporters.JUnitReportReporter -->
<testsuite hostname="masud" failures="0" tests="3" name="com.qa.testNg.ClassTwo" time="5.594" errors="0" timestamp="2023-12-18T07:18:56 EST" skipped="0">
  <testcase classname="com.qa.testNg.ClassTwo" name="logintpapplication" time="0.523"/>
  <testcase classname="com.qa.testNg.ClassTwo" name="validatesigin" time="1.578"/>
  <testcase classname="com.qa.testNg.ClassTwo" name="launchapplication" time="3.493"/>
</testsuite> <!-- com.qa.testNg.ClassTwo -->
