<?xml version="1.0" encoding="UTF-8"?>
<!-- Generated by org.testng.reporters.JUnitReportReporter -->
<testsuite hostname="masud" failures="0" tests="3" name="com.smart.dataprovider.TestDataprovider" time="10.270" errors="0" timestamp="2023-12-23T15:33:13 EST" skipped="0">
  <testcase classname="com.smart.dataprovider.TestDataprovider" name="testoranghrm" time="4.159"/>
  <testcase classname="com.smart.dataprovider.TestDataprovider" name="testoranghrm" time="2.969"/>
  <testcase classname="com.smart.dataprovider.TestDataprovider" name="testoranghrm" time="3.142"/>
</testsuite> <!-- com.smart.dataprovider.TestDataprovider -->
